<?xml version="1.0" encoding="UTF-8"?>
<testsuite name="io.openvidu.mvc.java.test.AppTest" tests="1" skipped="0" failures="0" errors="0" timestamp="2022-07-28T01:02:07" hostname="DESKTOP-KVCQHCD" time="0.001">
  <properties/>
  <testcase name="testApp" classname="io.openvidu.mvc.java.test.AppTest" time="0.001"/>
  <system-out><![CDATA[]]></system-out>
  <system-err><![CDATA[]]></system-err>
</testsuite>
